[2022-02-26 17:45:28,445: INFO: stage_01_get_data]: 
********************
[2022-02-26 17:45:28,446: INFO: stage_01_get_data]: >>>>> stage GET_DATA started <<<<<
[2022-02-26 17:45:28,446: INFO: common]: yaml file: configs/config.yaml loaded successfully
[2022-02-26 17:45:28,447: INFO: common]: created directory at: data
[2022-02-26 17:45:28,447: INFO: stage_01_get_data]: downloading started...
[2022-02-26 17:45:28,447: ERROR: stage_01_get_data]: local variable 'filename' referenced before assignment
Traceback (most recent call last):
  File "src/stage_01_get_data.py", line 47, in <module>
    main(config_path=parsed_args.config)
  File "src/stage_01_get_data.py", line 35, in main
    logging.info(f"filename:{filename} already present")
UnboundLocalError: local variable 'filename' referenced before assignment
[2022-02-26 17:45:55,371: INFO: stage_01_get_data]: 
********************
[2022-02-26 17:45:55,371: INFO: stage_01_get_data]: >>>>> stage GET_DATA started <<<<<
[2022-02-26 17:45:55,372: INFO: common]: yaml file: configs/config.yaml loaded successfully
[2022-02-26 17:45:55,372: INFO: common]: created directory at: data
[2022-02-26 17:45:55,372: INFO: stage_01_get_data]: downloading started...
[2022-02-26 17:45:55,373: INFO: stage_01_get_data]: filename:data.zip already present
[2022-02-26 17:45:55,373: INFO: stage_01_get_data]: >>>>> stage GET_DATA completed!<<<<<

[2022-02-26 17:46:14,082: INFO: stage_01_get_data]: 
********************
[2022-02-26 17:46:14,082: INFO: stage_01_get_data]: >>>>> stage GET_DATA started <<<<<
[2022-02-26 17:46:14,083: INFO: common]: yaml file: configs/config.yaml loaded successfully
[2022-02-26 17:46:14,084: INFO: common]: created directory at: data
[2022-02-26 17:46:14,084: INFO: stage_01_get_data]: downloading started...
[2022-02-26 17:47:11,383: INFO: stage_01_get_data]: filename:data\data.zip created with info 
Content-Type: application/octet-stream
Accept-Ranges: bytes
Server: Windows-Azure-Blob/1.0 Microsoft-HTTPAPI/2.0
x-ms-blob-content-md5: l2WJyK3tt5/f2azyQ9eE8w==
Last-Modified: Sat, 13 Oct 2018 12:14:22 GMT
ETag: "0x8D6310568FD1DF6"
Content-Length: 824894548
Date: Sat, 26 Feb 2022 12:16:14 GMT
Connection: close


[2022-02-26 17:47:11,384: INFO: stage_01_get_data]: >>>>> stage GET_DATA completed!<<<<<

